<?xml version="1.0" encoding="UTF-8"?>
<!-- Generated by org.testng.reporters.JUnitReportReporter -->
<testsuite hostname="DESKTOP-4T9R7PN" failures="0" tests="1" name="com.qa.transferFunds.runner.TestRunner" time="70.502" errors="0" timestamp="19 Jan 2021 09:46:03 GMT">
  <testcase classname="com.qa.transferFunds.runner.TestRunner" name="feature" time="70.502"/>
</testsuite> <!-- com.qa.transferFunds.runner.TestRunner -->
