<?xml version="1.0" encoding="UTF-8"?>
<!-- Generated by org.testng.reporters.JUnitReportReporter -->
<testsuite hostname="DESKTOP-4T9R7PN" failures="0" tests="1" name="com.qa.transferFunds.runner.TestRunner" time="75.330" errors="0" timestamp="3 Mar 2021 16:49:34 GMT">
  <testcase classname="com.qa.transferFunds.runner.TestRunner" name="feature" time="75.330"/>
</testsuite> <!-- com.qa.transferFunds.runner.TestRunner -->
